<?xml version="1.0" encoding="UTF-8"?>
<testng-results ignored="0" total="1" passed="1" failed="0" skipped="0">
  <reporter-output>
  </reporter-output>
  <suite started-at="2020-12-13T17:43:44 IST" name="Default suite" finished-at="2020-12-13T17:44:15 IST" duration-ms="31469">
    <groups>
      <group name="cucumber">
        <method signature="Runner.feature(cucumber.api.testng.CucumberFeatureWrapper)[pri:0, instance:com.adactin.runner.Runner@1817d444]" name="feature" class="com.adactin.runner.Runner"/>
      </group> <!-- cucumber -->
    </groups>
    <test started-at="2020-12-13T17:43:44 IST" name="Default test" finished-at="2020-12-13T17:44:15 IST" duration-ms="31469">
      <class name="com.adactin.runner.Runner">
        <test-method is-config="true" signature="browswerOpen()[pri:0, instance:com.adactin.runner.Runner@1817d444]" started-at="2020-12-13T17:43:44 IST" name="browswerOpen" finished-at="2020-12-13T17:43:51 IST" duration-ms="7532" status="PASS">
          <reporter-output>
          </reporter-output>
        </test-method> <!-- browswerOpen -->
        <test-method is-config="true" signature="setUpClass()[pri:0, instance:com.adactin.runner.Runner@1817d444]" started-at="2020-12-13T17:43:51 IST" name="setUpClass" finished-at="2020-12-13T17:43:52 IST" duration-ms="531" status="PASS">
          <reporter-output>
          </reporter-output>
        </test-method> <!-- setUpClass -->
        <test-method signature="feature(cucumber.api.testng.CucumberFeatureWrapper)[pri:0, instance:com.adactin.runner.Runner@1817d444]" started-at="2020-12-13T17:43:52 IST" name="feature" description="Runs Cucumber Feature" data-provider="features" finished-at="2020-12-13T17:44:14 IST" duration-ms="21984" status="PASS">
          <params>
            <param index="0">
              <value>
                <![CDATA[Testing hotel booking and cancellation functionalities in adactin application]]>
              </value>
            </param>
          </params>
          <reporter-output>
          </reporter-output>
        </test-method> <!-- feature -->
        <test-method is-config="true" signature="browserClose()[pri:0, instance:com.adactin.runner.Runner@1817d444]" started-at="2020-12-13T17:44:14 IST" name="browserClose" finished-at="2020-12-13T17:44:14 IST" duration-ms="400" status="PASS">
          <reporter-output>
          </reporter-output>
        </test-method> <!-- browserClose -->
        <test-method is-config="true" signature="tearDownClass()[pri:0, instance:com.adactin.runner.Runner@1817d444]" started-at="2020-12-13T17:44:14 IST" name="tearDownClass" finished-at="2020-12-13T17:44:15 IST" duration-ms="757" status="PASS">
          <reporter-output>
          </reporter-output>
        </test-method> <!-- tearDownClass -->
      </class> <!-- com.adactin.runner.Runner -->
    </test> <!-- Default test -->
  </suite> <!-- Default suite -->
</testng-results>
